mode: set
github.com/palexandremello/ramenshop-backend/app/application/controllers/create_client.go:17.98,19.2 1 1
github.com/palexandremello/ramenshop-backend/app/application/controllers/create_client.go:21.93,24.16 2 1
github.com/palexandremello/ramenshop-backend/app/application/controllers/create_client.go:24.16,26.3 1 1
github.com/palexandremello/ramenshop-backend/app/application/controllers/create_client.go:27.2,27.27 1 1
github.com/palexandremello/ramenshop-backend/app/domain/entities/client.go:23.78,25.16 2 1
github.com/palexandremello/ramenshop-backend/app/domain/entities/client.go:25.16,27.3 1 1
github.com/palexandremello/ramenshop-backend/app/domain/entities/client.go:29.2,29.19 1 1
github.com/palexandremello/ramenshop-backend/app/domain/entities/client.go:29.19,31.3 1 1
github.com/palexandremello/ramenshop-backend/app/domain/entities/client.go:33.2,33.40 1 1
github.com/palexandremello/ramenshop-backend/app/domain/entities/client.go:33.40,35.3 1 1
github.com/palexandremello/ramenshop-backend/app/domain/entities/client.go:37.2,37.26 1 1
github.com/palexandremello/ramenshop-backend/app/domain/entities/client.go:37.26,39.3 1 1
github.com/palexandremello/ramenshop-backend/app/domain/entities/client.go:41.2,46.8 1 1
github.com/palexandremello/ramenshop-backend/app/domain/usecases/add_order_items.go:17.81,19.2 1 1
github.com/palexandremello/ramenshop-backend/app/domain/usecases/add_order_items.go:21.82,24.16 2 1
github.com/palexandremello/ramenshop-backend/app/domain/usecases/add_order_items.go:24.16,26.3 1 1
github.com/palexandremello/ramenshop-backend/app/domain/usecases/add_order_items.go:28.2,28.27 1 1
github.com/palexandremello/ramenshop-backend/app/domain/usecases/add_order_items.go:28.27,30.3 1 1
github.com/palexandremello/ramenshop-backend/app/domain/usecases/add_order_items.go:32.2,33.36 2 1
github.com/palexandremello/ramenshop-backend/app/domain/usecases/close_order.go:17.75,19.2 1 1
github.com/palexandremello/ramenshop-backend/app/domain/usecases/close_order.go:21.54,24.16 2 1
github.com/palexandremello/ramenshop-backend/app/domain/usecases/close_order.go:24.16,26.3 1 1
github.com/palexandremello/ramenshop-backend/app/domain/usecases/close_order.go:28.2,28.27 1 1
github.com/palexandremello/ramenshop-backend/app/domain/usecases/close_order.go:28.27,30.3 1 1
github.com/palexandremello/ramenshop-backend/app/domain/usecases/close_order.go:31.2,33.35 3 1
github.com/palexandremello/ramenshop-backend/app/domain/usecases/create_client.go:19.80,23.2 1 1
github.com/palexandremello/ramenshop-backend/app/domain/usecases/create_client.go:25.116,28.16 2 1
github.com/palexandremello/ramenshop-backend/app/domain/usecases/create_client.go:28.16,30.3 1 1
github.com/palexandremello/ramenshop-backend/app/domain/usecases/create_client.go:32.2,32.19 1 1
github.com/palexandremello/ramenshop-backend/app/domain/usecases/create_client.go:32.19,34.3 1 1
github.com/palexandremello/ramenshop-backend/app/domain/usecases/create_client.go:36.2,36.58 1 1
github.com/palexandremello/ramenshop-backend/app/domain/usecases/create_client.go:36.58,38.3 1 0
github.com/palexandremello/ramenshop-backend/app/domain/usecases/create_client.go:40.2,40.26 1 1
github.com/palexandremello/ramenshop-backend/app/domain/usecases/create_client.go:40.26,42.3 1 0
github.com/palexandremello/ramenshop-backend/app/domain/usecases/create_client.go:44.2,52.16 3 1
github.com/palexandremello/ramenshop-backend/app/domain/usecases/create_client.go:52.16,54.3 1 0
github.com/palexandremello/ramenshop-backend/app/domain/usecases/create_client.go:56.2,56.20 1 1
github.com/palexandremello/ramenshop-backend/app/domain/usecases/create_dish.go:18.75,20.2 1 1
github.com/palexandremello/ramenshop-backend/app/domain/usecases/create_dish.go:22.115,23.16 1 1
github.com/palexandremello/ramenshop-backend/app/domain/usecases/create_dish.go:23.16,25.3 1 1
github.com/palexandremello/ramenshop-backend/app/domain/usecases/create_dish.go:27.2,35.16 3 1
github.com/palexandremello/ramenshop-backend/app/domain/usecases/create_dish.go:35.16,37.3 1 0
github.com/palexandremello/ramenshop-backend/app/domain/usecases/create_dish.go:39.2,39.18 1 1
github.com/palexandremello/ramenshop-backend/app/domain/usecases/create_order_item.go:19.135,21.2 1 1
github.com/palexandremello/ramenshop-backend/app/domain/usecases/create_order_item.go:23.105,25.17 1 1
github.com/palexandremello/ramenshop-backend/app/domain/usecases/create_order_item.go:25.17,27.3 1 1
github.com/palexandremello/ramenshop-backend/app/domain/usecases/create_order_item.go:29.2,31.32 2 1
github.com/palexandremello/ramenshop-backend/app/domain/usecases/create_order_item.go:31.32,33.3 1 1
github.com/palexandremello/ramenshop-backend/app/domain/usecases/create_order_item.go:35.2,37.16 2 1
github.com/palexandremello/ramenshop-backend/app/domain/usecases/create_order_item.go:37.16,39.3 1 1
github.com/palexandremello/ramenshop-backend/app/domain/usecases/create_order_item.go:41.2,41.17 1 1
github.com/palexandremello/ramenshop-backend/app/domain/usecases/create_order_item.go:41.17,43.3 1 1
github.com/palexandremello/ramenshop-backend/app/domain/usecases/create_order_item.go:45.2,53.16 3 1
github.com/palexandremello/ramenshop-backend/app/domain/usecases/create_order_item.go:53.16,55.3 1 1
github.com/palexandremello/ramenshop-backend/app/domain/usecases/create_order_item.go:57.2,57.23 1 1
github.com/palexandremello/ramenshop-backend/app/domain/usecases/create_photo.go:20.112,22.2 1 1
github.com/palexandremello/ramenshop-backend/app/domain/usecases/create_photo.go:24.72,25.15 1 1
github.com/palexandremello/ramenshop-backend/app/domain/usecases/create_photo.go:25.15,27.3 1 1
github.com/palexandremello/ramenshop-backend/app/domain/usecases/create_photo.go:29.2,31.16 2 1
github.com/palexandremello/ramenshop-backend/app/domain/usecases/create_photo.go:31.16,33.3 1 1
github.com/palexandremello/ramenshop-backend/app/domain/usecases/create_photo.go:35.2,35.57 1 1
github.com/palexandremello/ramenshop-backend/app/domain/usecases/create_photo.go:35.57,37.3 1 1
github.com/palexandremello/ramenshop-backend/app/domain/usecases/create_photo.go:39.2,45.16 3 1
github.com/palexandremello/ramenshop-backend/app/domain/usecases/create_photo.go:45.16,47.3 1 1
github.com/palexandremello/ramenshop-backend/app/domain/usecases/create_photo.go:49.2,49.19 1 1
github.com/palexandremello/ramenshop-backend/app/domain/usecases/order_creator.go:18.79,20.2 1 1
github.com/palexandremello/ramenshop-backend/app/domain/usecases/order_creator.go:22.118,31.16 3 1
github.com/palexandremello/ramenshop-backend/app/domain/usecases/order_creator.go:31.16,33.3 1 1
github.com/palexandremello/ramenshop-backend/app/domain/usecases/order_creator.go:35.2,35.19 1 1
